
*** Running vivado
    with args -log send_integer.vdi -applog -m64 -product Vivado -messageDb vivado.pb -mode batch -source send_integer.tcl -notrace



****** Vivado v2020.2 (64-bit)
  **** SW Build 3064766 on Wed Nov 18 09:12:45 MST 2020
  **** IP Build 3064653 on Wed Nov 18 14:17:31 MST 2020
    ** Copyright 1986-2020 Xilinx, Inc. All Rights Reserved.

source send_integer.tcl -notrace
Command: link_design -top send_integer -part xc7a35tcpg236-1
Design is defaulting to srcset: sources_1
Design is defaulting to constrset: constrs_1
INFO: [Device 21-403] Loading part xc7a35tcpg236-1
Netlist sorting complete. Time (s): cpu = 00:00:00 ; elapsed = 00:00:00 . Memory (MB): peak = 1015.570 ; gain = 0.000
INFO: [Project 1-479] Netlist was created with Vivado 2020.2
INFO: [Project 1-570] Preparing netlist for logic optimization
Parsing XDC File [C:/Users/Edgar Vallejo Curti/Documents/Escuela/ITESO/5TO SEMESTRE/Fundamentos de Sistemas Digitales/workspace/fsd-21p/uartTX/assignments/Basys-3-Master.xdc]
WARNING: [Vivado 12-584] No ports matched 'i_clk'. [C:/Users/Edgar Vallejo Curti/Documents/Escuela/ITESO/5TO SEMESTRE/Fundamentos de Sistemas Digitales/workspace/fsd-21p/uartTX/assignments/Basys-3-Master.xdc:7]
CRITICAL WARNING: [Common 17-55] 'set_property' expects at least one object. [C:/Users/Edgar Vallejo Curti/Documents/Escuela/ITESO/5TO SEMESTRE/Fundamentos de Sistemas Digitales/workspace/fsd-21p/uartTX/assignments/Basys-3-Master.xdc:7]
Resolution: If [get_<value>] was used to populate the object, check to make sure this command returns at least one valid object.
WARNING: [Vivado 12-584] No ports matched 'i_clk'. [C:/Users/Edgar Vallejo Curti/Documents/Escuela/ITESO/5TO SEMESTRE/Fundamentos de Sistemas Digitales/workspace/fsd-21p/uartTX/assignments/Basys-3-Master.xdc:8]
CRITICAL WARNING: [Common 17-55] 'set_property' expects at least one object. [C:/Users/Edgar Vallejo Curti/Documents/Escuela/ITESO/5TO SEMESTRE/Fundamentos de Sistemas Digitales/workspace/fsd-21p/uartTX/assignments/Basys-3-Master.xdc:8]
Resolution: If [get_<value>] was used to populate the object, check to make sure this command returns at least one valid object.
WARNING: [Vivado 12-584] No ports matched 'i_clk'. [C:/Users/Edgar Vallejo Curti/Documents/Escuela/ITESO/5TO SEMESTRE/Fundamentos de Sistemas Digitales/workspace/fsd-21p/uartTX/assignments/Basys-3-Master.xdc:9]
CRITICAL WARNING: [Vivado 12-4739] create_clock:No valid object(s) found for '-objects [get_ports i_clk]'. [C:/Users/Edgar Vallejo Curti/Documents/Escuela/ITESO/5TO SEMESTRE/Fundamentos de Sistemas Digitales/workspace/fsd-21p/uartTX/assignments/Basys-3-Master.xdc:9]
Resolution: Check if the specified object(s) exists in the current design. If it does, ensure that the correct design hierarchy was specified for the object. If you are working with clocks, make sure create_clock was used to create the clock object before it is referenced.
WARNING: [Vivado 12-584] No ports matched 'i_data[7]'. [C:/Users/Edgar Vallejo Curti/Documents/Escuela/ITESO/5TO SEMESTRE/Fundamentos de Sistemas Digitales/workspace/fsd-21p/uartTX/assignments/Basys-3-Master.xdc:26]
CRITICAL WARNING: [Common 17-55] 'set_property' expects at least one object. [C:/Users/Edgar Vallejo Curti/Documents/Escuela/ITESO/5TO SEMESTRE/Fundamentos de Sistemas Digitales/workspace/fsd-21p/uartTX/assignments/Basys-3-Master.xdc:26]
Resolution: If [get_<value>] was used to populate the object, check to make sure this command returns at least one valid object.
WARNING: [Vivado 12-584] No ports matched 'i_data[7]'. [C:/Users/Edgar Vallejo Curti/Documents/Escuela/ITESO/5TO SEMESTRE/Fundamentos de Sistemas Digitales/workspace/fsd-21p/uartTX/assignments/Basys-3-Master.xdc:27]
CRITICAL WARNING: [Common 17-55] 'set_property' expects at least one object. [C:/Users/Edgar Vallejo Curti/Documents/Escuela/ITESO/5TO SEMESTRE/Fundamentos de Sistemas Digitales/workspace/fsd-21p/uartTX/assignments/Basys-3-Master.xdc:27]
Resolution: If [get_<value>] was used to populate the object, check to make sure this command returns at least one valid object.
WARNING: [Vivado 12-584] No ports matched 'i_startTX'. [C:/Users/Edgar Vallejo Curti/Documents/Escuela/ITESO/5TO SEMESTRE/Fundamentos de Sistemas Digitales/workspace/fsd-21p/uartTX/assignments/Basys-3-Master.xdc:113]
CRITICAL WARNING: [Common 17-55] 'set_property' expects at least one object. [C:/Users/Edgar Vallejo Curti/Documents/Escuela/ITESO/5TO SEMESTRE/Fundamentos de Sistemas Digitales/workspace/fsd-21p/uartTX/assignments/Basys-3-Master.xdc:113]
Resolution: If [get_<value>] was used to populate the object, check to make sure this command returns at least one valid object.
WARNING: [Vivado 12-584] No ports matched 'i_startTX'. [C:/Users/Edgar Vallejo Curti/Documents/Escuela/ITESO/5TO SEMESTRE/Fundamentos de Sistemas Digitales/workspace/fsd-21p/uartTX/assignments/Basys-3-Master.xdc:114]
CRITICAL WARNING: [Common 17-55] 'set_property' expects at least one object. [C:/Users/Edgar Vallejo Curti/Documents/Escuela/ITESO/5TO SEMESTRE/Fundamentos de Sistemas Digitales/workspace/fsd-21p/uartTX/assignments/Basys-3-Master.xdc:114]
Resolution: If [get_<value>] was used to populate the object, check to make sure this command returns at least one valid object.
WARNING: [Vivado 12-584] No ports matched 'i_rst'. [C:/Users/Edgar Vallejo Curti/Documents/Escuela/ITESO/5TO SEMESTRE/Fundamentos de Sistemas Digitales/workspace/fsd-21p/uartTX/assignments/Basys-3-Master.xdc:119]
CRITICAL WARNING: [Common 17-55] 'set_property' expects at least one object. [C:/Users/Edgar Vallejo Curti/Documents/Escuela/ITESO/5TO SEMESTRE/Fundamentos de Sistemas Digitales/workspace/fsd-21p/uartTX/assignments/Basys-3-Master.xdc:119]
Resolution: If [get_<value>] was used to populate the object, check to make sure this command returns at least one valid object.
WARNING: [Vivado 12-584] No ports matched 'i_rst'. [C:/Users/Edgar Vallejo Curti/Documents/Escuela/ITESO/5TO SEMESTRE/Fundamentos de Sistemas Digitales/workspace/fsd-21p/uartTX/assignments/Basys-3-Master.xdc:120]
CRITICAL WARNING: [Common 17-55] 'set_property' expects at least one object. [C:/Users/Edgar Vallejo Curti/Documents/Escuela/ITESO/5TO SEMESTRE/Fundamentos de Sistemas Digitales/workspace/fsd-21p/uartTX/assignments/Basys-3-Master.xdc:120]
Resolution: If [get_<value>] was used to populate the object, check to make sure this command returns at least one valid object.
Finished Parsing XDC File [C:/Users/Edgar Vallejo Curti/Documents/Escuela/ITESO/5TO SEMESTRE/Fundamentos de Sistemas Digitales/workspace/fsd-21p/uartTX/assignments/Basys-3-Master.xdc]
INFO: [Opt 31-138] Pushed 0 inverter(s) to 0 load pin(s).
Netlist sorting complete. Time (s): cpu = 00:00:00 ; elapsed = 00:00:00 . Memory (MB): peak = 1015.570 ; gain = 0.000
INFO: [Project 1-111] Unisim Transformation Summary:
No Unisim elements were transformed.

5 Infos, 9 Warnings, 9 Critical Warnings and 0 Errors encountered.
link_design completed successfully
link_design: Time (s): cpu = 00:00:06 ; elapsed = 00:00:08 . Memory (MB): peak = 1015.570 ; gain = 0.000
Command: opt_design
Attempting to get a license for feature 'Implementation' and/or device 'xc7a35t'
INFO: [Common 17-349] Got license for feature 'Implementation' and/or device 'xc7a35t'
Running DRC as a precondition to command opt_design

Starting DRC Task
INFO: [DRC 23-27] Running DRC with 2 threads
INFO: [Project 1-461] DRC finished with 0 Errors
INFO: [Project 1-462] Please refer to the DRC report (report_drc) for more information.

Time (s): cpu = 00:00:00 ; elapsed = 00:00:00.828 . Memory (MB): peak = 1015.570 ; gain = 0.000

Starting Cache Timing Information Task
